(electron) The default value of app.allowRendererProcessReuse is deprecated, it is currently "false".  It will change to be "true" in Electron 9.  For more information please check https://github.com/electron/electron/issues/18397
Error occurred in handler for 'keychain:get-password': Error: No stored credentials fetched from keytar.
    at /Applications/Skype.app/Contents/Resources/app.asar/main.js:2:658420
    at async electron/js2c/browser_init.js:6048:30
2021-01-26 22:33:03.231 Skype[617:5715] Error loading /Library/CoreMediaIO/Plug-Ins/DAL/EpocCamPlugIn.plugin/Contents/MacOS/EpocCamPlugIn:  dlopen(/Library/CoreMediaIO/Plug-Ins/DAL/EpocCamPlugIn.plugin/Contents/MacOS/EpocCamPlugIn, 262): no suitable image found.  Did find:
	/Library/CoreMediaIO/Plug-Ins/DAL/EpocCamPlugIn.plugin/Contents/MacOS/EpocCamPlugIn: code signature in (/Library/CoreMediaIO/Plug-Ins/DAL/EpocCamPlugIn.plugin/Contents/MacOS/EpocCamPlugIn) not valid for use in process using Library Validation: mapping process and mapped file (non-platform) have different Team IDs
	/Library/CoreMediaIO/Plug-Ins/DAL/EpocCamPlugIn.plugin/Contents/MacOS/EpocCamPlugIn: stat() failed with errno=3
2021-01-26 22:33:03.267 Skype[617:5715] Error loading /Library/CoreMediaIO/Plug-Ins/DAL/IriunCamera.plugin/Contents/MacOS/IriunCamera:  dlopen(/Library/CoreMediaIO/Plug-Ins/DAL/IriunCamera.plugin/Contents/MacOS/IriunCamera, 262): no suitable image found.  Did find:
	/Library/CoreMediaIO/Plug-Ins/DAL/IriunCamera.plugin/Contents/MacOS/IriunCamera: code signature in (/Library/CoreMediaIO/Plug-Ins/DAL/IriunCamera.plugin/Contents/MacOS/IriunCamera) not valid for use in process using Library Validation: mapping process and mapped file (non-platform) have different Team IDs
	/Library/CoreMediaIO/Plug-Ins/DAL/IriunCamera.plugin/Contents/MacOS/IriunCamera: stat() failed with errno=1
2021-01-26 22:33:03.486 Skype Helper (Plugin)[630:6111] Error loading /Library/CoreMediaIO/Plug-Ins/DAL/EpocCamPlugIn.plugin/Contents/MacOS/EpocCamPlugIn:  dlopen(/Library/CoreMediaIO/Plug-Ins/DAL/EpocCamPlugIn.plugin/Contents/MacOS/EpocCamPlugIn, 262): no suitable image found.  Did find:
	/Library/CoreMediaIO/Plug-Ins/DAL/EpocCamPlugIn.plugin/Contents/MacOS/EpocCamPlugIn: code signature in (/Library/CoreMediaIO/Plug-Ins/DAL/EpocCamPlugIn.plugin/Contents/MacOS/EpocCamPlugIn) not valid for use in process using Library Validation: mapping process and mapped file (non-platform) have different Team IDs
	/Library/CoreMediaIO/Plug-Ins/DAL/EpocCamPlugIn.plugin/Contents/MacOS/EpocCamPlugIn: stat() failed with errno=3
2021-01-26 22:33:03.556 Skype Helper (Plugin)[630:6111] Error loading /Library/CoreMediaIO/Plug-Ins/DAL/IriunCamera.plugin/Contents/MacOS/IriunCamera:  dlopen(/Library/CoreMediaIO/Plug-Ins/DAL/IriunCamera.plugin/Contents/MacOS/IriunCamera, 262): no suitable image found.  Did find:
	/Library/CoreMediaIO/Plug-Ins/DAL/IriunCamera.plugin/Contents/MacOS/IriunCamera: code signature in (/Library/CoreMediaIO/Plug-Ins/DAL/IriunCamera.plugin/Contents/MacOS/IriunCamera) not valid for use in process using Library Validation: mapping process and mapped file (non-platform) have different Team IDs
	/Library/CoreMediaIO/Plug-Ins/DAL/IriunCamera.plugin/Contents/MacOS/IriunCamera: stat() failed with errno=1
2021-01-26 22:33:06.679 Skype Helper (Renderer)[623:6272] Error loading /Library/CoreMediaIO/Plug-Ins/DAL/EpocCamPlugIn.plugin/Contents/MacOS/EpocCamPlugIn:  dlopen(/Library/CoreMediaIO/Plug-Ins/DAL/EpocCamPlugIn.plugin/Contents/MacOS/EpocCamPlugIn, 262): no suitable image found.  Did find:
	/Library/CoreMediaIO/Plug-Ins/DAL/EpocCamPlugIn.plugin/Contents/MacOS/EpocCamPlugIn: code signature in (/Library/CoreMediaIO/Plug-Ins/DAL/EpocCamPlugIn.plugin/Contents/MacOS/EpocCamPlugIn) not valid for use in process using Library Validation: mapping process and mapped file (non-platform) have different Team IDs
	/Library/CoreMediaIO/Plug-Ins/DAL/EpocCamPlugIn.plugin/Contents/MacOS/EpocCamPlugIn: stat() failed with errno=3
2021-01-26 22:33:06.690 Skype Helper (Renderer)[623:6272] Error loading /Library/CoreMediaIO/Plug-Ins/DAL/IriunCamera.plugin/Contents/MacOS/IriunCamera:  dlopen(/Library/CoreMediaIO/Plug-Ins/DAL/IriunCamera.plugin/Contents/MacOS/IriunCamera, 262): no suitable image found.  Did find:
	/Library/CoreMediaIO/Plug-Ins/DAL/IriunCamera.plugin/Contents/MacOS/IriunCamera: code signature in (/Library/CoreMediaIO/Plug-Ins/DAL/IriunCamera.plugin/Contents/MacOS/IriunCamera) not valid for use in process using Library Validation: mapping process and mapped file (non-platform) have different Team IDs
	/Library/CoreMediaIO/Plug-Ins/DAL/IriunCamera.plugin/Contents/MacOS/IriunCamera: stat() failed with errno=1
2021-01-26 22:33:58.392 Skype[617:5729] Download completed to: file:///var/root/Library/Caches/com.skype.skype.ShipIt/update.Cb5PYzN/Skype-8.68.0.96.zip
